0 info it worked if it ends with ok
1 verbose cli [ '/usr/local/bin/node', '/usr/local/bin/npm', 'publish', './' ]
2 info using npm@3.10.7
3 info using node@v6.4.0
4 verbose publish [ './' ]
5 silly cache add args [ './', null ]
6 verbose cache add spec ./
7 silly cache add parsed spec Result {
7 silly cache add   raw: './',
7 silly cache add   scope: null,
7 silly cache add   escapedName: null,
7 silly cache add   name: null,
7 silly cache add   rawSpec: './',
7 silly cache add   spec: '/Users/philipyoung/Sites/Website/react-redux-boilerplate',
7 silly cache add   type: 'directory' }
8 verbose addLocalDirectory /Users/philipyoung/.npm/react-test/0.1.0/package.tgz not in flight; packing
9 verbose correctMkdir /Users/philipyoung/.npm correctMkdir not in flight; initializing
10 info lifecycle react-test@0.1.0~prepublish: react-test@0.1.0
11 silly lifecycle react-test@0.1.0~prepublish: no script for prepublish, continuing
12 verbose tar pack [ '/Users/philipyoung/.npm/react-test/0.1.0/package.tgz',
12 verbose tar pack   '/Users/philipyoung/Sites/Website/react-redux-boilerplate' ]
13 verbose tarball /Users/philipyoung/.npm/react-test/0.1.0/package.tgz
14 verbose folder /Users/philipyoung/Sites/Website/react-redux-boilerplate
15 verbose addLocalTarball adding from inside cache /Users/philipyoung/.npm/react-test/0.1.0/package.tgz
16 verbose correctMkdir /Users/philipyoung/.npm correctMkdir not in flight; initializing
17 silly cache afterAdd react-test@0.1.0
18 verbose afterAdd /Users/philipyoung/.npm/react-test/0.1.0/package/package.json not in flight; writing
19 verbose correctMkdir /Users/philipyoung/.npm correctMkdir not in flight; initializing
20 verbose afterAdd /Users/philipyoung/.npm/react-test/0.1.0/package/package.json written
21 silly publish { name: 'react-test',
21 silly publish   version: '0.1.0',
21 silly publish   description: '',
21 silly publish   main: 'index.js',
21 silly publish   scripts:
21 silly publish    { test: 'echo "Error: no test specified" && exit 1',
21 silly publish      start: 'webpack-dev-server --content-base dist/app/ --inline --hot' },
21 silly publish   keywords: [],
21 silly publish   author: '',
21 silly publish   license: 'ISC',
21 silly publish   devDependencies:
21 silly publish    { autoprefixer: '^6.4.0',
21 silly publish      'babel-core': '^6.13.2',
21 silly publish      'babel-eslint': '^6.1.2',
21 silly publish      'babel-loader': '^6.2.5',
21 silly publish      'babel-preset-es2015': '^6.13.2',
21 silly publish      'babel-preset-react': '^6.11.1',
21 silly publish      'babel-preset-stage-2': '^6.13.0',
21 silly publish      'css-loader': '^0.24.0',
21 silly publish      eslint: '^3.3.1',
21 silly publish      'eslint-config-airbnb': '^10.0.1',
21 silly publish      'eslint-plugin-import': '^1.14.0',
21 silly publish      'eslint-plugin-jsx-a11y': '^2.1.0',
21 silly publish      'eslint-plugin-react': '^6.1.2',
21 silly publish      'node-sass': '^3.8.0',
21 silly publish      'npm-install-webpack-plugin': '^4.0.4',
21 silly publish      'postcss-loader': '^0.11.1',
21 silly publish      'react-hot-loader': '^1.3.0',
21 silly publish      'sass-loader': '^4.0.0',
21 silly publish      'style-loader': '^0.13.1',
21 silly publish      webpack: '^1.13.2',
21 silly publish      'webpack-dev-server': '^1.14.1' },
21 silly publish   dependencies:
21 silly publish    { 'es6-promise': '^3.2.1',
21 silly publish      'isomorphic-fetch': '^2.2.1',
21 silly publish      moment: '^2.14.1',
21 silly publish      'npm-install-webpack-plugin': '^4.0.4',
21 silly publish      react: '^15.3.0',
21 silly publish      'react-dom': '^15.3.0',
21 silly publish      'react-lifecycle-wrap-addon': '0.0.2',
21 silly publish      'react-redux': '^4.4.5',
21 silly publish      'react-router': '^2.7.0',
21 silly publish      'react-router-redux': '^4.0.5',
21 silly publish      redux: '^3.5.2',
21 silly publish      'redux-localstorage': '^0.4.1',
21 silly publish      'redux-logger': '^2.6.1',
21 silly publish      'redux-thunk': '^2.1.0' },
21 silly publish   gitHead: '4bb67ae9bf6242ec76bde9c532d4960cdd010e04',
21 silly publish   readme: 'ERROR: No README data found!',
21 silly publish   _id: 'react-test@0.1.0',
21 silly publish   _shasum: '54c68bd05e05718467e49a6cabeccecd620f6ea0',
21 silly publish   _from: '.' }
22 verbose getPublishConfig undefined
23 silly mapToRegistry name react-test
24 silly mapToRegistry using default registry
25 silly mapToRegistry registry https://registry.npmjs.org/
26 silly mapToRegistry data Result {
26 silly mapToRegistry   raw: 'react-test',
26 silly mapToRegistry   scope: null,
26 silly mapToRegistry   escapedName: 'react-test',
26 silly mapToRegistry   name: 'react-test',
26 silly mapToRegistry   rawSpec: '',
26 silly mapToRegistry   spec: 'latest',
26 silly mapToRegistry   type: 'tag' }
27 silly mapToRegistry uri https://registry.npmjs.org/react-test
28 verbose publish registryBase https://registry.npmjs.org/
29 silly publish uploading /Users/philipyoung/.npm/react-test/0.1.0/package.tgz
30 verbose request uri https://registry.npmjs.org/react-test
31 verbose request sending authorization for write operation
32 info attempt registry request try #1 at 11:29:04 AM
33 verbose request using bearer token for auth
34 verbose request id 359f157a02834403
35 http request PUT https://registry.npmjs.org/react-test
36 http 403 https://registry.npmjs.org/react-test
37 verbose headers { 'content-type': 'application/json',
37 verbose headers   'cache-control': 'max-age=300',
37 verbose headers   'content-length': '104',
37 verbose headers   'accept-ranges': 'bytes',
37 verbose headers   date: 'Sat, 24 Sep 2016 04:29:06 GMT',
37 verbose headers   via: '1.1 varnish',
37 verbose headers   connection: 'keep-alive',
37 verbose headers   'x-served-by': 'cache-sin6920-SIN',
37 verbose headers   'x-cache': 'MISS',
37 verbose headers   'x-cache-hits': '0',
37 verbose headers   'x-timer': 'S1474691345.399013,VS0,VE852',
37 verbose headers   vary: 'Accept-Encoding' }
38 verbose request invalidating /Users/philipyoung/.npm/registry.npmjs.org/react-test on PUT
39 error publish Failed PUT 403
40 verbose stack Error: you do not have permission to publish "react-test". Are you logged in as the correct user? : react-test
40 verbose stack     at makeError (/usr/local/lib/node_modules/npm/node_modules/npm-registry-client/lib/request.js:264:12)
40 verbose stack     at CachingRegistryClient.<anonymous> (/usr/local/lib/node_modules/npm/node_modules/npm-registry-client/lib/request.js:252:14)
40 verbose stack     at Request._callback (/usr/local/lib/node_modules/npm/node_modules/npm-registry-client/lib/request.js:172:14)
40 verbose stack     at Request.self.callback (/usr/local/lib/node_modules/npm/node_modules/request/request.js:187:22)
40 verbose stack     at emitTwo (events.js:106:13)
40 verbose stack     at Request.emit (events.js:191:7)
40 verbose stack     at Request.<anonymous> (/usr/local/lib/node_modules/npm/node_modules/request/request.js:1044:10)
40 verbose stack     at emitOne (events.js:96:13)
40 verbose stack     at Request.emit (events.js:188:7)
40 verbose stack     at IncomingMessage.<anonymous> (/usr/local/lib/node_modules/npm/node_modules/request/request.js:965:12)
41 verbose statusCode 403
42 verbose pkgid react-test
43 verbose cwd /Users/philipyoung/Sites/Website/react-redux-boilerplate
44 error Darwin 16.0.0
45 error argv "/usr/local/bin/node" "/usr/local/bin/npm" "publish" "./"
46 error node v6.4.0
47 error npm  v3.10.7
48 error code E403
49 error you do not have permission to publish "react-test". Are you logged in as the correct user? : react-test
50 error If you need help, you may report this error at:
50 error     <https://github.com/npm/npm/issues>
51 verbose exit [ 1, true ]
